<?xml version="1.0" encoding="UTF-8"?>
<beans xmlns="http://www.springframework.org/schema/beans"
       xmlns:xsi="http://www.w3.org/2001/XMLSchema-instance"
       xsi:schemaLocation="http://www.springframework.org/schema/beans http://www.springframework.org/schema/beans/spring-beans-4.0.xsd">

    <import resource="classpath:query-context.xml"/>
    <import resource="classpath:common-properties-context.xml"/>
    <import resource="classpath:testframework-context.xml"/>
    <import resource="classpath:test-redshiftdb-context.xml"/>
    <import resource="classpath:remote-context.xml"/>

</beans>