<?xml version="1.0" encoding="UTF-8"?>
<beans xmlns="http://www.springframework.org/schema/beans"
       xmlns:xsi="http://www.w3.org/2001/XMLSchema-instance"
       xsi:schemaLocation="http://www.springframework.org/schema/beans
           http://www.springframework.org/schema/beans/spring-beans-3.0.xsd">

    <import resource="classpath:common-testclient-env-context.xml"/>
    <import resource="classpath:serviceapps-core-context.xml"/>
    <import resource="classpath:testframework-context.xml" />
    <import resource="classpath:test-serviceapps-aspect-context.xml" />

</beans>