<?xml version="1.0" encoding="UTF-8"?>
<beans xmlns="http://www.springframework.org/schema/beans"
       xmlns:xsi="http://www.w3.org/2001/XMLSchema-instance"
       xsi:schemaLocation="http://www.springframework.org/schema/beans http://www.springframework.org/schema/beans/spring-beans.xsd">

    <import resource="classpath:common-testclient-env-context.xml"/>
    <import resource="classpath:serviceapps-cdl-context.xml" />
    <import resource="classpath:testframework-context.xml" />
    <import resource="classpath:yarn-context.xml" />
    <import resource="classpath:metadata-context.xml" />
    <import resource="classpath:db-persistence-context.xml" />

</beans>