<?xml version="1.0" encoding="UTF-8"?>
<!-- Generated by org.testng.reporters.JUnitReportReporter -->
<testsuite hostname="LE-660070.local" name="com.latticeengines.workflow.library.DLOrchestrationWorkflowTest" tests="1" failures="0" timestamp="12 Oct 2015 22:03:20 GMT" time="0.398" errors="0">
  <testcase name="testWorkflow" time="0.398" classname="com.latticeengines.workflow.library.DLOrchestrationWorkflowTest"/>
</testsuite> <!-- com.latticeengines.workflow.library.DLOrchestrationWorkflowTest -->
