<?xml version="1.0" encoding="UTF-8"?>
<beans xmlns="http://www.springframework.org/schema/beans"
       xmlns:xsi="http://www.w3.org/2001/XMLSchema-instance"
       xmlns:context="http://www.springframework.org/schema/context"
       xsi:schemaLocation="http://www.springframework.org/schema/beans
      http://www.springframework.org/schema/beans/spring-beans-4.0.xsd
      http://www.springframework.org/schema/context
      http://www.springframework.org/schema/context/spring-context-4.0.xsd">

    <context:component-scan base-package="com.latticeengines.workflowapi"/>

    <import resource="classpath:pls-context.xml"/>
    <import resource="classpath:workflowapi-context.xml"/>
    <import resource="classpath:common-testclient-env-context.xml"/>
    <import resource="classpath:serviceflows-prospectdiscovery-workflow-context.xml"/>
    <import resource="classpath:serviceflows-leadprioritization-workflow-context.xml"/>
    <import resource="classpath:serviceflows-datacloud-workflow-context.xml"/>
    <import resource="classpath:serviceflows-cdl-workflow-context.xml"/>
    <import resource="classpath:serviceflows-modeling-workflow-context.xml"/>
    <import resource="classpath:serviceflows-scoring-workflow-context.xml"/>
    <import resource="classpath:test-pmml-workflow-context.xml"/>
    <import resource="classpath:redshiftdb-context.xml"/>
    <import resource="classpath:playmakercore-context.xml"/>
    <import resource="classpath:testframework-context.xml"/>
</beans>
