<?xml version="1.0" encoding="UTF-8"?>
<beans xmlns="http://www.springframework.org/schema/beans"
    xmlns:xsi="http://www.w3.org/2001/XMLSchema-instance" xmlns:context="http://www.springframework.org/schema/context"
    xsi:schemaLocation="
       http://www.springframework.org/schema/beans
       http://www.springframework.org/schema/beans/spring-beans.xsd
       http://www.springframework.org/schema/context
       http://www.springframework.org/schema/context/spring-context.xsd">

    <import resource="classpath:common-testclient-env-context.xml"/>
    <!-- <import resource="classpath:redis-context.xml" /> -->
    <import resource="classpath:aws-credentials-context.xml"/>
    <context:component-scan base-package="com.latticeengines.cache.test, com.latticeengines.aws.elasticache" />

</beans>