<?xml version="1.0" encoding="UTF-8"?>
<!-- Generated by org.testng.reporters.JUnitReportReporter -->
<testsuite hostname="hliu-Latitude-E7440" name="com.latticeengines.perf.exposed.test.unit.PerfFunctionalTestBaseUnitTestNG" tests="3" failures="0" timestamp="3 Oct 2014 23:27:47 GMT" time="0.018" errors="0">
  <testcase name="beforeMethod" time="0.016" classname="com.latticeengines.perf.exposed.test.unit.PerfFunctionalTestBaseUnitTestNG"/>
  <testcase name="afterClass" time="0.000" classname="com.latticeengines.perf.exposed.test.unit.PerfFunctionalTestBaseUnitTestNG"/>
  <testcase name="afterMethod" time="0.002" classname="com.latticeengines.perf.exposed.test.unit.PerfFunctionalTestBaseUnitTestNG"/>
</testsuite> <!-- com.latticeengines.perf.exposed.test.unit.PerfFunctionalTestBaseUnitTestNG -->
