<?xml version="1.0" encoding="UTF-8"?>
<beans xmlns="http://www.springframework.org/schema/beans" xmlns:xsi="http://www.w3.org/2001/XMLSchema-instance"
    xmlns:context="http://www.springframework.org/schema/context" xmlns:mvc="http://www.springframework.org/schema/mvc"
    xmlns:security="http://www.springframework.org/schema/security"
    xsi:schemaLocation="
  http://www.springframework.org/schema/beans http://www.springframework.org/schema/beans/spring-beans-4.0.xsd
  http://www.springframework.org/schema/context http://www.springframework.org/schema/context/spring-context-4.0.xsd
  http://www.springframework.org/schema/mvc http://www.springframework.org/schema/mvc/spring-mvc-4.0.xsd
  http://www.springframework.org/schema/security http://www.springframework.org/schema/security/spring-security-3.2.xsd">

    <import resource="classpath:security-api-context.xml"/>
    <import resource="classpath:common-properties-context.xml"/>
    <import resource="classpath:security-provider-context.xml"/>

    <security:http auto-config="false"
                   use-expressions="true" 
                   pattern="/security/ad*/**" 
                   authentication-manager-ref="authenticationManager"
                   entry-point-ref="restAuthenticationEntryPoint" 
                   create-session="stateless">
        <security:custom-filter ref="restActiveDirectoryServicesFilter" before="PRE_AUTH_FILTER" />
    </security:http>

</beans>