<?xml version="1.0" encoding="UTF-8"?>
<beans xmlns="http://www.springframework.org/schema/beans" xmlns:xsi="http://www.w3.org/2001/XMLSchema-instance"
       xmlns:security="http://www.springframework.org/schema/security"
       xmlns:mvc="http://www.springframework.org/schema/mvc"
       xsi:schemaLocation="http://www.springframework.org/schema/beans http://www.springframework.org/schema/beans/spring-beans-4.0.xsd
       http://www.springframework.org/schema/security http://www.springframework.org/schema/security/spring-security-3.2.xsd
       http://www.springframework.org/schema/mvc http://www.springframework.org/schema/mvc/spring-mvc.xsd">

    <import resource="classpath:security-api-context.xml"/>
    <import resource="classpath:common-properties-context.xml"/>
    <import resource="classpath:security-provider-context.xml"/>

    <mvc:annotation-driven/>

    <security:global-method-security
            secured-annotations="enabled"
            jsr250-annotations="enabled"
            pre-post-annotations="enabled"
            proxy-target-class="true" />

    <security:http auto-config="false"
                   use-expressions="true" 
                   pattern="/security/adresource/**"
                   entry-point-ref="restAuthenticationEntryPoint" 
                   create-session="stateless">
        <security:custom-filter ref="restActiveDirectoryServicesFilter" before="PRE_AUTH_FILTER" />
    </security:http>

    <security:http auto-config="false"
                   use-expressions="true"
                   pattern="/security/internal/**"
                   entry-point-ref="restAuthenticationEntryPoint"
                   create-session="stateless">
        <security:custom-filter ref="internalRestServicesFilter" before="PRE_AUTH_FILTER" />
    </security:http>

</beans>