<?xml version="1.0" encoding="UTF-8"?>
<beans xmlns="http://www.springframework.org/schema/beans"
       xmlns:xsi="http://www.w3.org/2001/XMLSchema-instance" xmlns:tx="http://www.springframework.org/schema/tx"
       xmlns:aop="http://www.springframework.org/schema/aop" xmlns:jee="http://www.springframework.org/schema/jee"
       xmlns:p="http://www.springframework.org/schema/p" xmlns:context="http://www.springframework.org/schema/context"
       xmlns:security="http://www.springframework.org/schema/security"
       xmlns:util="http://www.springframework.org/schema/util"
       xmlns:camel="http://camel.apache.org/schema/spring"
       xmlns:mvc="http://www.springframework.org/schema/mvc"
       xsi:schemaLocation="http://www.springframework.org/schema/beans http://www.springframework.org/schema/beans/spring-beans-4.0.xsd
      http://www.springframework.org/schema/aop http://www.springframework.org/schema/aop/spring-aop-4.0.xsd
      http://www.springframework.org/schema/tx http://www.springframework.org/schema/tx/spring-tx-4.0.xsd
      http://www.springframework.org/schema/context http://www.springframework.org/schema/context/spring-context-4.0.xsd
      http://www.springframework.org/schema/jee http://www.springframework.org/schema/jee/spring-jee-4.0.xsd
      http://www.springframework.org/schema/util http://www.springframework.org/schema/util/spring-util-4.0.xsd
      http://www.springframework.org/schema/mvc http://www.springframework.org/schema/mvc/spring-mvc-4.0.xsd">

    <import resource="classpath:proxy-context.xml" />
    <import resource="classpath:db-context.xml"/>
    <import resource="classpath:datadb-context.xml"/>
    <import resource="classpath:playmaker-persistence-context.xml" />
    <import resource="classpath:common-properties-context.xml" />
    <import resource="classpath:playmaker-aspects-context.xml" />
    <import resource="classpath:playmakercore-context.xml" />
    <import resource="classpath:oauth2db-context.xml" />
    <import resource="classpath:monitor-metric-context.xml"/>
    <import resource="classpath:oauth2db-persistence-context.xml" />

    <bean id="batonService" 
        class="com.latticeengines.baton.exposed.service.impl.BatonServiceImpl"/>

    <context:component-scan base-package="com.latticeengines.proxy.exposed" />

    <bean id="placeholderConfigurer" class="com.latticeengines.common.exposed.util.PropertyUtils">
        <property name="locations">
            <list>
                <value>file:${LE_PROPDIR:/etc/ledp}/latticeengines.properties</value>
            </list>
        </property>
        <property name="ignoreUnresolvablePlaceholders" value="false" />
        <property name="ignoreResourceNotFound" value="false" />
    </bean>

    <context:component-scan
        base-package="com.latticeengines.oauth2db com.latticeengines.playmaker.dao com.latticeengines.playmaker.entitymgr com.latticeengines.playmaker.service">
        <!-- Need to exclude instantiating the swagger config except for 
            bringing up the API since the servlet container instances are not available 
            when running tests. -->
        <context:exclude-filter type="assignable"
            expression="com.latticeengines.playmaker.swagger.SwaggerConfig" />
    </context:component-scan>

    <mvc:annotation-driven />
</beans>
