<?xml version="1.0" encoding="UTF-8"?>
<beans xmlns="http://www.springframework.org/schema/beans" xmlns:xsi="http://www.w3.org/2001/XMLSchema-instance"
    xmlns:tx="http://www.springframework.org/schema/tx" xmlns:p="http://www.springframework.org/schema/p"
    xsi:schemaLocation="http://www.springframework.org/schema/beans
      http://www.springframework.org/schema/beans/spring-beans-4.0.xsd
      http://www.springframework.org/schema/tx
      http://www.springframework.org/schema/tx/spring-tx-4.0.xsd">

    <bean id="propDataManage" class="org.springframework.jdbc.datasource.DriverManagerDataSource">
        <property name="driverClassName" value="com.microsoft.sqlserver.jdbc.SQLServerDriver" />
        <property name="url" value="jdbc:sqlserver://bodcprodvsql225.prod.lattice.local:1433;databaseName=CollectionDB_Dev;" />
        <property name="username" value="DLTransfer" />
        <property name="password" value="free&amp;NSE" />
    </bean>

    <bean id="sessionFactoryPropDataManage" class="org.springframework.orm.hibernate4.LocalSessionFactoryBean">
        <property name="dataSource" ref="propDataManage" />
        <property name="packagesToScan" value="com.latticeengines.domain.exposed.propdata.manage" />
        <property name="hibernateProperties">
            <props>
                <prop key="hibernate.dialect">org.hibernate.dialect.SQLServerDialect</prop>
                <prop key="hibernate.show_sql">false</prop>
                <prop key="hibernate.globally_quoted_identifiers">true</prop>
            </props>
        </property>
    </bean>

    <bean id="transactionManagerPropDataManage" class="org.springframework.orm.hibernate4.HibernateTransactionManager"
          p:sessionFactory-ref="sessionFactoryPropDataManage">
        <qualifier value="propDataManage" />
    </bean>
    <tx:annotation-driven transaction-manager="transactionManagerPropDataManage" />

    <bean id="propDataManageJdbcTemplate" class="org.springframework.jdbc.core.JdbcTemplate"
          p:dataSource-ref="propDataManage" />

    <bean id="sourceColumnDao" class="com.latticeengines.propdata.core.dao.impl.SourceColumnDaoImpl">
        <property name="sessionFactory" ref="sessionFactoryPropDataManage" />
    </bean>

    <bean id="externalColumnDao" class="com.latticeengines.propdata.core.dao.impl.ExternalColumnDaoImpl">
        <property name="sessionFactory" ref="sessionFactoryPropDataManage" />
    </bean>

    <bean id="columnMappingDao" class="com.latticeengines.propdata.core.dao.impl.ColumnMappingDaoImpl">
        <property name="sessionFactory" ref="sessionFactoryPropDataManage" />
    </bean>

</beans>