<?xml version="1.0" encoding="UTF-8"?>
<beans xmlns="http://www.springframework.org/schema/beans" xmlns:xsi="http://www.w3.org/2001/XMLSchema-instance"
       xmlns:context="http://www.springframework.org/schema/context"
       xmlns:akka="http://repo.akka.io/schema/akka"
       xsi:schemaLocation="http://www.springframework.org/schema/beans
          http://www.springframework.org/schema/beans/spring-beans-4.0.xsd
          http://www.springframework.org/schema/context
          http://www.springframework.org/schema/context/spring-context-4.0.xsd
          http://repo.akka.io/schema/akka
          http://repo.akka.io/akka-1.3.1.xsd">

       <import resource="classpath:actors-context.xml"/>

        <context:component-scan base-package="com.latticeengines.actors.visitor.sample"/>
        <context:component-scan base-package="com.latticeengines.sampleapi"/>

</beans>