<?xml version="1.0" encoding="UTF-8"?>
<beans xmlns="http://www.springframework.org/schema/beans"
       xmlns:context="http://www.springframework.org/schema/context"
       xmlns:yarn="http://www.springframework.org/schema/yarn"
       xmlns:xsi="http://www.w3.org/2001/XMLSchema-instance"
       xsi:schemaLocation="http://www.springframework.org/schema/beans http://www.springframework.org/schema/beans/spring-beans-4.0.xsd
      http://www.springframework.org/schema/context http://www.springframework.org/schema/context/spring-context-4.0.xsd

      http://www.springframework.org/schema/yarn http://www.springframework.org/schema/yarn/spring-yarn.xsd">

    <import resource="classpath:common-component-context.xml"/>
    <import resource="classpath:dataflow-context.xml"/>
    <import resource="classpath:serviceflows-properties-context.xml"/>

    <context:component-scan
        base-package="com.latticeengines.transform">
    </context:component-scan>

    <yarn:configuration>
        <!-- Needed for Hadoop which is caused by a pull by TransformRetriever -->
    </yarn:configuration>

</beans>
