<?xml version="1.0" encoding="UTF-8"?>
<beans xmlns="http://www.springframework.org/schema/beans"
       xmlns:xsi="http://www.w3.org/2001/XMLSchema-instance"
       xmlns:context="http://www.springframework.org/schema/context"
       xsi:schemaLocation="http://www.springframework.org/schema/beans http://www.springframework.org/schema/beans/spring-beans-4.0.xsd
  http://www.springframework.org/schema/context http://www.springframework.org/schema/context/spring-context-4.0.xsd">

    <import resource="classpath:common-properties-context.xml" />
    <import resource="classpath:test-scoringapi-yarn-config-context.xml" />
    <import resource="classpath:proxy-context.xml" />
    <import resource="classpath:datafabric-context.xml" />
    <import resource="classpath:monitor-alerts-context.xml" />
    <import resource="classpath:monitor-metric-context.xml" />
    <import resource="classpath:oauth2db-persistence-context.xml" />
    <import resource="classpath:oauth2db-context.xml" />
    <import resource="classpath:monitor-metric-context.xml" />


    <context:component-scan base-package="com.latticeengines.scoringapi.enrich" />
    <context:component-scan base-package="com.latticeengines.scoringapi.entitymanager" />
    <context:component-scan base-package="com.latticeengines.scoringapi.exposed" />
    <context:component-scan base-package="com.latticeengines.scoringapi.match" />
    <context:component-scan base-package="com.latticeengines.scoringapi.score" />
    <context:component-scan base-package="com.latticeengines.scoringapi.transform" />
    <context:component-scan base-package="com.latticeengines.common.exposed.rest"/>
    <context:component-scan base-package="com.latticeengines.transform"/>
</beans>
