<?xml version="1.0" encoding="UTF-8"?>
<beans xmlns="http://www.springframework.org/schema/beans"
       xmlns:xsi="http://www.w3.org/2001/XMLSchema-instance"
       xsi:schemaLocation="http://www.springframework.org/schema/beans http://www.springframework.org/schema/beans/spring-beans-4.0.xsd">

    <import resource="classpath:scoringapi-context.xml" />
    <import resource="classpath:common-properties-context.xml" />

    <!--import resource="classpath:test-scoringapi-properties-context.xml" />
    <import resource="classpath:test-scoringapi-yarn-config-context.xml" />
    <import resource="classpath:proxy-context.xml" />
    <import resource="classpath:datafabric-context.xml" />
    <import resource="classpath:monitor-alerts-context.xml" />
    <import resource="classpath:monitor-metric-context.xml" />
    <import resource="classpath:oauth2db-persistence-context.xml" />
    <import resource="classpath:oauth2db-context.xml" /-->

</beans>
