<?xml version="1.0" encoding="UTF-8"?>
<beans xmlns="http://www.springframework.org/schema/beans"
       xmlns:xsi="http://www.w3.org/2001/XMLSchema-instance"
       xsi:schemaLocation="http://www.springframework.org/schema/beans http://www.springframework.org/schema/beans/spring-beans.xsd">


    <import resource="classpath:aws-context.xml" />
    <import resource="classpath:datafabric-context.xml" />
    <import resource="classpath:common-testclient-env-context.xml"/>
    <import resource="classpath:test-datafabric-yarn-config-context.xml" />
    <import resource="camille-runtime-context.xml"/>

</beans>