<?xml version="1.0" encoding="UTF-8"?>
<beans xmlns="http://www.springframework.org/schema/beans"
       xmlns:xsi="http://www.w3.org/2001/XMLSchema-instance"
       xmlns:context="http://www.springframework.org/schema/context"
       xsi:schemaLocation="http://www.springframework.org/schema/beans http://www.springframework.org/schema/beans/spring-beans.xsd http://www.springframework.org/schema/context http://www.springframework.org/schema/context/spring-context.xsd">

    <bean id="placeholderConfigurer" class="com.latticeengines.common.exposed.util.PropertyUtils">
        <property name="locations">
            <list>
                <value>file:${SECURITY_PROPDIR:/etc/ledp}/security.properties</value>
                <value>file:${CAMILLE_PROPDIR:/etc/ledp}/camille.properties</value>
                <value>file:${DB_PROPDIR:/etc/ledp}/db.properties</value>
                <value>file:${ADMIN_PROPDIR:/etc/ledp}/admin.properties</value>
                <value>file:${DATAPLATFORM_PROPDIR:/etc/ledp}/dataplatform.properties</value>
            </list>
        </property>
        <property name="ignoreUnresolvablePlaceholders" value="false"/>
        <property name="ignoreResourceNotFound" value="false"/>
    </bean>

    <context:component-scan base-package="com.latticeengines.testframework"/>

    <import resource="classpath:test-testframework-yarn-config-context.xml" />
    <import resource="classpath:db-context.xml" />
    <import resource="classpath:security-context.xml" />
    <import resource="classpath:remote-context.xml" />
    <import resource="classpath:camille-runtime-context.xml" />

</beans>