<?xml version="1.0" encoding="UTF-8"?>
<beans xmlns="http://www.springframework.org/schema/beans"
       xmlns:xsi="http://www.w3.org/2001/XMLSchema-instance" xmlns:p="http://www.springframework.org/schema/p"
       xsi:schemaLocation="http://www.springframework.org/schema/beans http://www.springframework.org/schema/beans/spring-beans.xsd">

    <import resource="classpath:common-testclient-env-context.xml"/>
    <import resource="classpath:db-context.xml" />
    <import resource="classpath:testframework-context.xml"/>
    <import resource="classpath:documentdb-persistence-context.xml" />

    <bean id="docJdbcTemplate" class="org.springframework.jdbc.core.JdbcTemplate" p:dataSource-ref="documentDbSource" />

</beans>