<?xml version="1.0" encoding="UTF-8"?>
<beans xmlns="http://www.springframework.org/schema/beans"
       xmlns:xsi="http://www.w3.org/2001/XMLSchema-instance"
       xsi:schemaLocation="http://www.springframework.org/schema/beans http://www.springframework.org/schema/beans/spring-beans.xsd">

    <bean id="deploymentTestBed" class="com.latticeengines.testframework.security.impl.GlobalAuthDeploymentTestBed">
        <constructor-arg name="plsApiHostPort" value="${common.test.pls.url}"/>
        <constructor-arg name="adminApiHostPort" value="${common.test.admin.url}"/>
        <constructor-arg name="environment" value="${common.test.env}"/>
    </bean>

</beans>