<?xml version="1.0" encoding="UTF-8"?>
<!-- Generated by org.testng.reporters.JUnitReportReporter -->
<testsuite hostname="LE-660230.local" name="com.latticeengines.redshiftdb.service.impl.RedshiftServiceImplTestNG" tests="3" failures="0" timestamp="16 Feb 2017 00:29:39 GMT" time="32.240" errors="0">
  <testcase name="queryTable" time="0.371" classname="com.latticeengines.redshiftdb.service.impl.RedshiftServiceImplTestNG"/>
  <testcase name="loadDataToRedshift" time="9.365" classname="com.latticeengines.redshiftdb.service.impl.RedshiftServiceImplTestNG"/>
  <testcase name="loadDataToS3" time="22.504" classname="com.latticeengines.redshiftdb.service.impl.RedshiftServiceImplTestNG"/>
</testsuite> <!-- com.latticeengines.redshiftdb.service.impl.RedshiftServiceImplTestNG -->
