<?xml version="1.0" encoding="UTF-8"?>
<beans xmlns="http://www.springframework.org/schema/beans"
       xmlns:xsi="http://www.w3.org/2001/XMLSchema-instance"
       xsi:schemaLocation="http://www.springframework.org/schema/beans http://www.springframework.org/schema/beans/spring-beans.xsd">

    <bean id="placeholderConfigurer" class="com.latticeengines.common.exposed.util.PropertyUtils">
        <property name="locations">
            <list>
                <value>file:${PROPDATA_PROPDIR}/propdata.properties</value>
                <value>file:${DATAPLATFORM_PROPDIR}/dataplatform.properties</value>
                <value>file:${DATAFLOW_PROPDIR}/dataflow.properties</value>
                <value>file:${DB_PROPDIR}/db.properties</value>
                <value>file:${CAMILLE_PROPDIR}/camille.properties</value>
                <value>file:${PROXY_PROPDIR}/proxy.properties</value>
                <value>file:${MONITOR_PROPDIR}/monitor.properties</value>
                <value>file:${SECURITY_PROPDIR}/security.properties</value>
                <value>file:${QUARTZCLIENT_PROPDIR}/quartzclient.properties</value>
            </list>
        </property>
        <property name="ignoreUnresolvablePlaceholders" value="false"/>
        <property name="ignoreResourceNotFound" value="false"/>
    </bean>

</beans>